org.jboss.logging 2019.01.20 15:37:36.788 DEBUG [background-preinit] o.j.logging: Logging Provider: org.jboss.logging.Log4j2LoggerProvider
org.hibernate.validator.internal.util.Version 2019.01.20 15:37:36.793 INFO  [background-preinit] o.h.v.i.u.Version: HV000001: Hibernate Validator 6.0.13.Final
org.hibernate.validator.internal.engine.resolver.TraversableResolvers 2019.01.20 15:37:36.838 DEBUG [background-preinit] o.h.v.i.e.r.TraversableResolvers: Cannot find javax.persistence.Persistence on classpath. Assuming non JPA 2 environment. All properties will per default be traversable.
org.hibernate.validator.internal.xml.config.ValidationXmlParser 2019.01.20 15:37:36.858 DEBUG [background-preinit] o.h.v.i.x.c.ValidationXmlParser: Trying to load META-INF/validation.xml for XML based Validator configuration.
org.hibernate.validator.internal.xml.config.ResourceLoaderHelper 2019.01.20 15:37:36.860 DEBUG [background-preinit] o.h.v.i.x.c.ResourceLoaderHelper: Trying to load META-INF/validation.xml via TCCL
org.hibernate.validator.internal.xml.config.ResourceLoaderHelper 2019.01.20 15:37:36.861 DEBUG [background-preinit] o.h.v.i.x.c.ResourceLoaderHelper: Trying to load META-INF/validation.xml via Hibernate Validator's class loader
org.hibernate.validator.internal.xml.config.ValidationXmlParser 2019.01.20 15:37:36.861 DEBUG [background-preinit] o.h.v.i.x.c.ValidationXmlParser: No META-INF/validation.xml found. Using annotation based configuration only.
org.hibernate.validator.messageinterpolation.ResourceBundleMessageInterpolator 2019.01.20 15:37:37.215 DEBUG [background-preinit] o.h.v.m.ResourceBundleMessageInterpolator: Loaded expression factory via original TCCL
org.hibernate.validator.internal.engine.ValidatorFactoryImpl 2019.01.20 15:37:37.227 DEBUG [background-preinit] o.h.v.i.e.ValidatorFactoryImpl: HV000234: Using org.hibernate.validator.messageinterpolation.ResourceBundleMessageInterpolator as ValidatorFactory-scoped message interpolator.
org.hibernate.validator.internal.engine.ValidatorFactoryImpl 2019.01.20 15:37:37.227 DEBUG [background-preinit] o.h.v.i.e.ValidatorFactoryImpl: HV000234: Using org.hibernate.validator.internal.engine.resolver.TraverseAllTraversableResolver as ValidatorFactory-scoped traversable resolver.
org.hibernate.validator.internal.engine.ValidatorFactoryImpl 2019.01.20 15:37:37.227 DEBUG [background-preinit] o.h.v.i.e.ValidatorFactoryImpl: HV000234: Using org.hibernate.validator.internal.util.ExecutableParameterNameProvider as ValidatorFactory-scoped parameter name provider.
org.hibernate.validator.internal.engine.ValidatorFactoryImpl 2019.01.20 15:37:37.228 DEBUG [background-preinit] o.h.v.i.e.ValidatorFactoryImpl: HV000234: Using org.hibernate.validator.internal.engine.DefaultClockProvider as ValidatorFactory-scoped clock provider.
org.hibernate.validator.internal.engine.ValidatorFactoryImpl 2019.01.20 15:37:37.228 DEBUG [background-preinit] o.h.v.i.e.ValidatorFactoryImpl: HV000234: Using org.hibernate.validator.internal.engine.scripting.DefaultScriptEvaluatorFactory as ValidatorFactory-scoped script evaluator factory.
org.apache.coyote.http11.Http11NioProtocol 2019.01.20 15:37:39.316 INFO  [main] o.a.c.h.Http11NioProtocol: Initializing ProtocolHandler ["http-nio-8080"]
org.apache.catalina.core.StandardService 2019.01.20 15:37:39.330 INFO  [main] o.a.c.c.StandardService: Starting service [Tomcat]
org.apache.catalina.core.StandardEngine 2019.01.20 15:37:39.330 INFO  [main] o.a.c.c.StandardEngine: Starting Servlet Engine: Apache Tomcat/8.5.34
org.apache.catalina.core.AprLifecycleListener 2019.01.20 15:37:39.341 INFO  [localhost-startStop-1] o.a.c.c.AprLifecycleListener: The APR based Apache Tomcat Native library which allows optimal performance in production environments was not found on the java.library.path: [C:\Program Files\Java\jdk1.8.0_181\bin;C:\WINDOWS\Sun\Java\bin;C:\WINDOWS\system32;C:\WINDOWS;C:\Program Files (x86)\Common Files\Oracle\Java\javapath;C:\Program Files (x86)\Intel\iCLS Client\;C:\Program Files\Intel\iCLS Client\;C:\Windows\system32;C:\Windows;C:\Windows\System32\Wbem;C:\Windows\System32\WindowsPowerShell\v1.0\;C:\Program Files (x86)\NVIDIA Corporation\PhysX\Common;C:\Program Files (x86)\Intel\Intel(R) Management Engine Components\DAL;C:\Program Files\Intel\Intel(R) Management Engine Components\DAL;C:\Program Files (x86)\Intel\Intel(R) Management Engine Components\IPT;C:\Program Files\Intel\Intel(R) Management Engine Components\IPT;C:\Program Files\Intel\WiFi\bin\;C:\Program Files\Common Files\Intel\WirelessCommon\;C:\Program Files\Java\jdk1.8.0_181;C:\Program Files\Git\cmd;C:\Program Files\TortoiseGit\bin;%M2_HOME%\bin;C:\Program Files\MySQL\MySQL Utilities 1.6\;C:\Program Files\PuTTY\;%JAVA_HOME%\bin;;C:\WINDOWS\system32;C:\WINDOWS;C:\WINDOWS\System32\Wbem;C:\WINDOWS\System32\WindowsPowerShell\v1.0\;C:\WINDOWS\System32\OpenSSH\;C:\Users\Лариса\AppData\Local\Programs\Python\Python37-32\Scripts\;C:\Users\Лариса\AppData\Local\Programs\Python\Python37-32\;C:\Users\Лариса\AppData\Local\Microsoft\WindowsApps;C:\Program Files\Java\jdk1.8.0_181\bin;C:\Program Files\apache-maven-3.5.4\bin;;.]
org.apache.catalina.core.ContainerBase.[Tomcat].[localhost].[/] 2019.01.20 15:37:39.461 INFO  [localhost-startStop-1] o.a.c.c.C.[.[.[/]: Initializing Spring embedded WebApplicationContext
org.hibernate.validator.internal.engine.resolver.TraversableResolvers 2019.01.20 15:37:39.614 DEBUG [main] o.h.v.i.e.r.TraversableResolvers: Cannot find javax.persistence.Persistence on classpath. Assuming non JPA 2 environment. All properties will per default be traversable.
org.hibernate.validator.messageinterpolation.ResourceBundleMessageInterpolator 2019.01.20 15:37:39.614 DEBUG [main] o.h.v.m.ResourceBundleMessageInterpolator: Loaded expression factory via original TCCL
org.hibernate.validator.internal.engine.resolver.TraversableResolvers 2019.01.20 15:37:39.621 DEBUG [main] o.h.v.i.e.r.TraversableResolvers: Cannot find javax.persistence.Persistence on classpath. Assuming non JPA 2 environment. All properties will per default be traversable.
org.hibernate.validator.internal.engine.ConfigurationImpl 2019.01.20 15:37:39.621 DEBUG [main] o.h.v.i.e.ConfigurationImpl: Setting custom MessageInterpolator of type org.springframework.validation.beanvalidation.LocaleContextMessageInterpolator
org.hibernate.validator.internal.engine.ConfigurationImpl 2019.01.20 15:37:39.621 DEBUG [main] o.h.v.i.e.ConfigurationImpl: Setting custom ConstraintValidatorFactory of type org.springframework.validation.beanvalidation.SpringConstraintValidatorFactory
org.hibernate.validator.internal.engine.ConfigurationImpl 2019.01.20 15:37:39.622 DEBUG [main] o.h.v.i.e.ConfigurationImpl: Setting custom ParameterNameProvider of type org.springframework.validation.beanvalidation.LocalValidatorFactoryBean$1
org.hibernate.validator.internal.xml.config.ValidationXmlParser 2019.01.20 15:37:39.623 DEBUG [main] o.h.v.i.x.c.ValidationXmlParser: Trying to load META-INF/validation.xml for XML based Validator configuration.
org.hibernate.validator.internal.xml.config.ResourceLoaderHelper 2019.01.20 15:37:39.623 DEBUG [main] o.h.v.i.x.c.ResourceLoaderHelper: Trying to load META-INF/validation.xml via user class loader
org.hibernate.validator.internal.xml.config.ResourceLoaderHelper 2019.01.20 15:37:39.623 DEBUG [main] o.h.v.i.x.c.ResourceLoaderHelper: Trying to load META-INF/validation.xml via TCCL
org.hibernate.validator.internal.xml.config.ResourceLoaderHelper 2019.01.20 15:37:39.623 DEBUG [main] o.h.v.i.x.c.ResourceLoaderHelper: Trying to load META-INF/validation.xml via Hibernate Validator's class loader
org.hibernate.validator.internal.xml.config.ValidationXmlParser 2019.01.20 15:37:39.623 DEBUG [main] o.h.v.i.x.c.ValidationXmlParser: No META-INF/validation.xml found. Using annotation based configuration only.
org.hibernate.validator.internal.engine.ValidatorFactoryImpl 2019.01.20 15:37:39.627 DEBUG [main] o.h.v.i.e.ValidatorFactoryImpl: HV000234: Using org.springframework.validation.beanvalidation.LocaleContextMessageInterpolator as ValidatorFactory-scoped message interpolator.
org.hibernate.validator.internal.engine.ValidatorFactoryImpl 2019.01.20 15:37:39.627 DEBUG [main] o.h.v.i.e.ValidatorFactoryImpl: HV000234: Using org.hibernate.validator.internal.engine.resolver.TraverseAllTraversableResolver as ValidatorFactory-scoped traversable resolver.
org.hibernate.validator.internal.engine.ValidatorFactoryImpl 2019.01.20 15:37:39.628 DEBUG [main] o.h.v.i.e.ValidatorFactoryImpl: HV000234: Using org.hibernate.validator.internal.util.ExecutableParameterNameProvider as ValidatorFactory-scoped parameter name provider.
org.hibernate.validator.internal.engine.ValidatorFactoryImpl 2019.01.20 15:37:39.628 DEBUG [main] o.h.v.i.e.ValidatorFactoryImpl: HV000234: Using org.hibernate.validator.internal.engine.DefaultClockProvider as ValidatorFactory-scoped clock provider.
org.hibernate.validator.internal.engine.ValidatorFactoryImpl 2019.01.20 15:37:39.628 DEBUG [main] o.h.v.i.e.ValidatorFactoryImpl: HV000234: Using org.hibernate.validator.internal.engine.scripting.DefaultScriptEvaluatorFactory as ValidatorFactory-scoped script evaluator factory.
org.apache.coyote.http11.Http11NioProtocol 2019.01.20 15:37:40.483 INFO  [main] o.a.c.h.Http11NioProtocol: Starting ProtocolHandler ["http-nio-8080"]
org.apache.tomcat.util.net.NioSelectorPool 2019.01.20 15:37:40.495 INFO  [main] o.a.t.u.n.NioSelectorPool: Using a shared selector for servlet write/read
org.apache.catalina.core.ContainerBase.[Tomcat].[localhost].[/] 2019.01.20 15:38:23.407 INFO  [http-nio-8080-exec-10] o.a.c.c.C.[.[.[/]: Initializing Spring FrameworkServlet 'dispatcherServlet'
org.hibernate.validator.internal.util.Version 2019.01.20 15:53:22.132 INFO  [background-preinit] o.h.v.i.u.Version: HV000001: Hibernate Validator 6.0.13.Final
org.hibernate.validator.internal.engine.resolver.TraversableResolvers 2019.01.20 15:53:22.145 DEBUG [background-preinit] o.h.v.i.e.r.TraversableResolvers: Cannot find javax.persistence.Persistence on classpath. Assuming non JPA 2 environment. All properties will per default be traversable.
org.hibernate.validator.internal.xml.config.ValidationXmlParser 2019.01.20 15:53:22.150 DEBUG [background-preinit] o.h.v.i.x.c.ValidationXmlParser: Trying to load META-INF/validation.xml for XML based Validator configuration.
org.hibernate.validator.internal.xml.config.ResourceLoaderHelper 2019.01.20 15:53:22.151 DEBUG [background-preinit] o.h.v.i.x.c.ResourceLoaderHelper: Trying to load META-INF/validation.xml via TCCL
org.hibernate.validator.internal.xml.config.ResourceLoaderHelper 2019.01.20 15:53:22.151 DEBUG [background-preinit] o.h.v.i.x.c.ResourceLoaderHelper: Trying to load META-INF/validation.xml via Hibernate Validator's class loader
org.hibernate.validator.internal.xml.config.ValidationXmlParser 2019.01.20 15:53:22.151 DEBUG [background-preinit] o.h.v.i.x.c.ValidationXmlParser: No META-INF/validation.xml found. Using annotation based configuration only.
org.hibernate.validator.messageinterpolation.ResourceBundleMessageInterpolator 2019.01.20 15:53:22.352 DEBUG [background-preinit] o.h.v.m.ResourceBundleMessageInterpolator: Loaded expression factory via original TCCL
org.hibernate.validator.internal.engine.ValidatorFactoryImpl 2019.01.20 15:53:22.363 DEBUG [background-preinit] o.h.v.i.e.ValidatorFactoryImpl: HV000234: Using org.hibernate.validator.messageinterpolation.ResourceBundleMessageInterpolator as ValidatorFactory-scoped message interpolator.
org.hibernate.validator.internal.engine.ValidatorFactoryImpl 2019.01.20 15:53:22.363 DEBUG [background-preinit] o.h.v.i.e.ValidatorFactoryImpl: HV000234: Using org.hibernate.validator.internal.engine.resolver.TraverseAllTraversableResolver as ValidatorFactory-scoped traversable resolver.
org.hibernate.validator.internal.engine.ValidatorFactoryImpl 2019.01.20 15:53:22.363 DEBUG [background-preinit] o.h.v.i.e.ValidatorFactoryImpl: HV000234: Using org.hibernate.validator.internal.util.ExecutableParameterNameProvider as ValidatorFactory-scoped parameter name provider.
org.hibernate.validator.internal.engine.ValidatorFactoryImpl 2019.01.20 15:53:22.363 DEBUG [background-preinit] o.h.v.i.e.ValidatorFactoryImpl: HV000234: Using org.hibernate.validator.internal.engine.DefaultClockProvider as ValidatorFactory-scoped clock provider.
org.hibernate.validator.internal.engine.ValidatorFactoryImpl 2019.01.20 15:53:22.364 DEBUG [background-preinit] o.h.v.i.e.ValidatorFactoryImpl: HV000234: Using org.hibernate.validator.internal.engine.scripting.DefaultScriptEvaluatorFactory as ValidatorFactory-scoped script evaluator factory.
org.apache.coyote.http11.Http11NioProtocol 2019.01.20 15:53:24.130 INFO  [main] o.a.c.h.Http11NioProtocol: Initializing ProtocolHandler ["http-nio-8080"]
org.apache.catalina.core.StandardService 2019.01.20 15:53:24.143 INFO  [main] o.a.c.c.StandardService: Starting service [Tomcat]
org.apache.catalina.core.StandardEngine 2019.01.20 15:53:24.143 INFO  [main] o.a.c.c.StandardEngine: Starting Servlet Engine: Apache Tomcat/8.5.34
org.apache.catalina.core.AprLifecycleListener 2019.01.20 15:53:24.154 INFO  [localhost-startStop-1] o.a.c.c.AprLifecycleListener: The APR based Apache Tomcat Native library which allows optimal performance in production environments was not found on the java.library.path: [C:\Program Files\Java\jdk1.8.0_181\bin;C:\WINDOWS\Sun\Java\bin;C:\WINDOWS\system32;C:\WINDOWS;C:\Program Files (x86)\Common Files\Oracle\Java\javapath;C:\Program Files (x86)\Intel\iCLS Client\;C:\Program Files\Intel\iCLS Client\;C:\Windows\system32;C:\Windows;C:\Windows\System32\Wbem;C:\Windows\System32\WindowsPowerShell\v1.0\;C:\Program Files (x86)\NVIDIA Corporation\PhysX\Common;C:\Program Files (x86)\Intel\Intel(R) Management Engine Components\DAL;C:\Program Files\Intel\Intel(R) Management Engine Components\DAL;C:\Program Files (x86)\Intel\Intel(R) Management Engine Components\IPT;C:\Program Files\Intel\Intel(R) Management Engine Components\IPT;C:\Program Files\Intel\WiFi\bin\;C:\Program Files\Common Files\Intel\WirelessCommon\;C:\Program Files\Java\jdk1.8.0_181;C:\Program Files\Git\cmd;C:\Program Files\TortoiseGit\bin;%M2_HOME%\bin;C:\Program Files\MySQL\MySQL Utilities 1.6\;C:\Program Files\PuTTY\;%JAVA_HOME%\bin;;C:\WINDOWS\system32;C:\WINDOWS;C:\WINDOWS\System32\Wbem;C:\WINDOWS\System32\WindowsPowerShell\v1.0\;C:\WINDOWS\System32\OpenSSH\;C:\Users\Лариса\AppData\Local\Programs\Python\Python37-32\Scripts\;C:\Users\Лариса\AppData\Local\Programs\Python\Python37-32\;C:\Users\Лариса\AppData\Local\Microsoft\WindowsApps;C:\Program Files\Java\jdk1.8.0_181\bin;C:\Program Files\apache-maven-3.5.4\bin;;.]
org.apache.catalina.core.ContainerBase.[Tomcat].[localhost].[/] 2019.01.20 15:53:24.284 INFO  [localhost-startStop-1] o.a.c.c.C.[.[.[/]: Initializing Spring embedded WebApplicationContext
org.hibernate.validator.internal.engine.resolver.TraversableResolvers 2019.01.20 15:53:24.436 DEBUG [main] o.h.v.i.e.r.TraversableResolvers: Cannot find javax.persistence.Persistence on classpath. Assuming non JPA 2 environment. All properties will per default be traversable.
org.hibernate.validator.messageinterpolation.ResourceBundleMessageInterpolator 2019.01.20 15:53:24.436 DEBUG [main] o.h.v.m.ResourceBundleMessageInterpolator: Loaded expression factory via original TCCL
org.hibernate.validator.internal.engine.resolver.TraversableResolvers 2019.01.20 15:53:24.444 DEBUG [main] o.h.v.i.e.r.TraversableResolvers: Cannot find javax.persistence.Persistence on classpath. Assuming non JPA 2 environment. All properties will per default be traversable.
org.hibernate.validator.internal.engine.ConfigurationImpl 2019.01.20 15:53:24.445 DEBUG [main] o.h.v.i.e.ConfigurationImpl: Setting custom MessageInterpolator of type org.springframework.validation.beanvalidation.LocaleContextMessageInterpolator
org.hibernate.validator.internal.engine.ConfigurationImpl 2019.01.20 15:53:24.445 DEBUG [main] o.h.v.i.e.ConfigurationImpl: Setting custom ConstraintValidatorFactory of type org.springframework.validation.beanvalidation.SpringConstraintValidatorFactory
org.hibernate.validator.internal.engine.ConfigurationImpl 2019.01.20 15:53:24.446 DEBUG [main] o.h.v.i.e.ConfigurationImpl: Setting custom ParameterNameProvider of type org.springframework.validation.beanvalidation.LocalValidatorFactoryBean$1
org.hibernate.validator.internal.xml.config.ValidationXmlParser 2019.01.20 15:53:24.447 DEBUG [main] o.h.v.i.x.c.ValidationXmlParser: Trying to load META-INF/validation.xml for XML based Validator configuration.
org.hibernate.validator.internal.xml.config.ResourceLoaderHelper 2019.01.20 15:53:24.448 DEBUG [main] o.h.v.i.x.c.ResourceLoaderHelper: Trying to load META-INF/validation.xml via user class loader
org.hibernate.validator.internal.xml.config.ResourceLoaderHelper 2019.01.20 15:53:24.448 DEBUG [main] o.h.v.i.x.c.ResourceLoaderHelper: Trying to load META-INF/validation.xml via TCCL
org.hibernate.validator.internal.xml.config.ResourceLoaderHelper 2019.01.20 15:53:24.448 DEBUG [main] o.h.v.i.x.c.ResourceLoaderHelper: Trying to load META-INF/validation.xml via Hibernate Validator's class loader
org.hibernate.validator.internal.xml.config.ValidationXmlParser 2019.01.20 15:53:24.448 DEBUG [main] o.h.v.i.x.c.ValidationXmlParser: No META-INF/validation.xml found. Using annotation based configuration only.
org.hibernate.validator.internal.engine.ValidatorFactoryImpl 2019.01.20 15:53:24.454 DEBUG [main] o.h.v.i.e.ValidatorFactoryImpl: HV000234: Using org.springframework.validation.beanvalidation.LocaleContextMessageInterpolator as ValidatorFactory-scoped message interpolator.
org.hibernate.validator.internal.engine.ValidatorFactoryImpl 2019.01.20 15:53:24.454 DEBUG [main] o.h.v.i.e.ValidatorFactoryImpl: HV000234: Using org.hibernate.validator.internal.engine.resolver.TraverseAllTraversableResolver as ValidatorFactory-scoped traversable resolver.
org.hibernate.validator.internal.engine.ValidatorFactoryImpl 2019.01.20 15:53:24.454 DEBUG [main] o.h.v.i.e.ValidatorFactoryImpl: HV000234: Using org.hibernate.validator.internal.util.ExecutableParameterNameProvider as ValidatorFactory-scoped parameter name provider.
org.hibernate.validator.internal.engine.ValidatorFactoryImpl 2019.01.20 15:53:24.454 DEBUG [main] o.h.v.i.e.ValidatorFactoryImpl: HV000234: Using org.hibernate.validator.internal.engine.DefaultClockProvider as ValidatorFactory-scoped clock provider.
org.hibernate.validator.internal.engine.ValidatorFactoryImpl 2019.01.20 15:53:24.454 DEBUG [main] o.h.v.i.e.ValidatorFactoryImpl: HV000234: Using org.hibernate.validator.internal.engine.scripting.DefaultScriptEvaluatorFactory as ValidatorFactory-scoped script evaluator factory.
org.apache.coyote.http11.Http11NioProtocol 2019.01.20 15:53:25.234 INFO  [main] o.a.c.h.Http11NioProtocol: Starting ProtocolHandler ["http-nio-8080"]
org.apache.tomcat.util.net.NioSelectorPool 2019.01.20 15:53:25.245 INFO  [main] o.a.t.u.n.NioSelectorPool: Using a shared selector for servlet write/read
org.apache.catalina.core.ContainerBase.[Tomcat].[localhost].[/] 2019.01.20 15:53:33.608 INFO  [http-nio-8080-exec-1] o.a.c.c.C.[.[.[/]: Initializing Spring FrameworkServlet 'dispatcherServlet'
